app/build/intermediates/manifest_merge_blame_file/debug/processDebugMainManifest/manifest-merger-blame-debug-report.txt
1<?xml version="1.0" encoding="utf-8"?>
2<manifest xmlns:android="http://schemas.android.com/apk/res/android"
3    package="com.namma.raste"
4    android:versionCode="1"
5    android:versionName="1.0" >
6
7    <uses-sdk
8        android:minSdkVersion="24"
9        android:targetSdkVersion="35" />
10
11    <uses-permission android:name="android.permission.CAMERA" />
11-->src\main\AndroidManifest.xml:4:5-65
11-->src\main\AndroidManifest.xml:4:22-62
12    <uses-permission android:name="android.permission.ACCESS_FINE_LOCATION" />
12-->src\main\AndroidManifest.xml:5:5-79
12-->src\main\AndroidManifest.xml:5:22-76
13    <uses-permission android:name="android.permission.ACCESS_COARSE_LOCATION" />
13-->src\main\AndroidManifest.xml:6:5-81
13-->src\main\AndroidManifest.xml:6:22-78
14    <uses-permission android:name="android.permission.INTERNET" />
14-->src\main\AndroidManifest.xml:7:5-67
14-->src\main\AndroidManifest.xml:7:22-64
15    <uses-permission
15-->src\main\AndroidManifest.xml:8:5-9:38
16        android:name="android.permission.WRITE_EXTERNAL_STORAGE"
16-->src\main\AndroidManifest.xml:8:22-78
17        android:maxSdkVersion="28" />
17-->src\main\AndroidManifest.xml:9:9-35
18
19    <uses-feature
19-->src\main\AndroidManifest.xml:11:5-13:35
20        android:name="android.hardware.camera"
20-->src\main\AndroidManifest.xml:12:9-47
21        android:required="true" />
21-->src\main\AndroidManifest.xml:13:9-32
22
23    <!-- Although the *SdkVersion is captured in gradle build files, this is required for non gradle builds -->
24    <!-- <uses-sdk android:minSdkVersion="21" /> -->
25    <uses-permission android:name="android.permission.ACCESS_NETWORK_STATE" />
25-->[com.google.firebase:firebase-firestore:25.1.4] AndroidManifest.xml:10:5-79
25-->[com.google.firebase:firebase-firestore:25.1.4] AndroidManifest.xml:10:22-76
26    <uses-permission android:name="com.google.android.providers.gsf.permission.READ_GSERVICES" />
26-->[com.google.android.recaptcha:recaptcha:18.6.1] AndroidManifest.xml:9:5-98
26-->[com.google.android.recaptcha:recaptcha:18.6.1] AndroidManifest.xml:9:22-95
27
28    <permission
28-->[androidx.core:core:1.15.0] AndroidManifest.xml:22:5-24:47
29        android:name="com.namma.raste.DYNAMIC_RECEIVER_NOT_EXPORTED_PERMISSION"
29-->[androidx.core:core:1.15.0] AndroidManifest.xml:23:9-81
30        android:protectionLevel="signature" />
30-->[androidx.core:core:1.15.0] AndroidManifest.xml:24:9-44
31
32    <uses-permission android:name="com.namma.raste.DYNAMIC_RECEIVER_NOT_EXPORTED_PERMISSION" />
32-->[androidx.core:core:1.15.0] AndroidManifest.xml:26:5-97
32-->[androidx.core:core:1.15.0] AndroidManifest.xml:26:22-94
33
34    <application
34-->src\main\AndroidManifest.xml:15:5-39:19
35        android:allowBackup="true"
35-->src\main\AndroidManifest.xml:16:9-35
36        android:appComponentFactory="androidx.core.app.CoreComponentFactory"
36-->[androidx.core:core:1.15.0] AndroidManifest.xml:28:18-86
37        android:debuggable="true"
38        android:extractNativeLibs="false"
39        android:icon="@mipmap/ic_launcher"
39-->src\main\AndroidManifest.xml:17:9-43
40        android:label="@string/app_name"
40-->src\main\AndroidManifest.xml:18:9-41
41        android:roundIcon="@mipmap/ic_launcher_round"
41-->src\main\AndroidManifest.xml:19:9-54
42        android:supportsRtl="true"
42-->src\main\AndroidManifest.xml:20:9-35
43        android:testOnly="true"
44        android:theme="@style/Theme.NammaRaste"
44-->src\main\AndroidManifest.xml:21:9-48
45        android:usesCleartextTraffic="true" >
45-->src\main\AndroidManifest.xml:22:9-44
46        <activity
46-->src\main\AndroidManifest.xml:24:9-32:20
47            android:name="com.namma.raste.ui.SplashActivity"
47-->src\main\AndroidManifest.xml:25:13-46
48            android:exported="true"
48-->src\main\AndroidManifest.xml:26:13-36
49            android:theme="@style/Theme.NammaRaste" >
49-->src\main\AndroidManifest.xml:27:13-52
50            <intent-filter>
50-->src\main\AndroidManifest.xml:28:13-31:29
51                <action android:name="android.intent.action.MAIN" />
51-->src\main\AndroidManifest.xml:29:17-69
51-->src\main\AndroidManifest.xml:29:25-66
52
53                <category android:name="android.intent.category.LAUNCHER" />
53-->src\main\AndroidManifest.xml:30:17-77
53-->src\main\AndroidManifest.xml:30:27-74
54            </intent-filter>
55        </activity>
56        <activity
56-->src\main\AndroidManifest.xml:34:9-37:57
57            android:name="com.namma.raste.ui.MainActivity"
57-->src\main\AndroidManifest.xml:35:13-44
58            android:exported="false"
58-->src\main\AndroidManifest.xml:36:13-37
59            android:windowSoftInputMode="adjustResize" />
59-->src\main\AndroidManifest.xml:37:13-55
60
61        <service
61-->[androidx.camera:camera-camera2:1.4.2] AndroidManifest.xml:24:9-33:19
62            android:name="androidx.camera.core.impl.MetadataHolderService"
62-->[androidx.camera:camera-camera2:1.4.2] AndroidManifest.xml:25:13-75
63            android:enabled="false"
63-->[androidx.camera:camera-camera2:1.4.2] AndroidManifest.xml:26:13-36
64            android:exported="false" >
64-->[androidx.camera:camera-camera2:1.4.2] AndroidManifest.xml:27:13-37
65            <meta-data
65-->[androidx.camera:camera-camera2:1.4.2] AndroidManifest.xml:30:13-32:89
66                android:name="androidx.camera.core.impl.MetadataHolderService.DEFAULT_CONFIG_PROVIDER"
66-->[androidx.camera:camera-camera2:1.4.2] AndroidManifest.xml:31:17-103
67                android:value="androidx.camera.camera2.Camera2Config$DefaultProvider" />
67-->[androidx.camera:camera-camera2:1.4.2] AndroidManifest.xml:32:17-86
68        </service>
69
70        <provider
70-->[androidx.emoji2:emoji2:1.3.0] AndroidManifest.xml:24:9-32:20
71            android:name="androidx.startup.InitializationProvider"
71-->[androidx.emoji2:emoji2:1.3.0] AndroidManifest.xml:25:13-67
72            android:authorities="com.namma.raste.androidx-startup"
72-->[androidx.emoji2:emoji2:1.3.0] AndroidManifest.xml:26:13-68
73            android:exported="false" >
73-->[androidx.emoji2:emoji2:1.3.0] AndroidManifest.xml:27:13-37
74            <meta-data
74-->[androidx.emoji2:emoji2:1.3.0] AndroidManifest.xml:29:13-31:52
75                android:name="androidx.emoji2.text.EmojiCompatInitializer"
75-->[androidx.emoji2:emoji2:1.3.0] AndroidManifest.xml:30:17-75
76                android:value="androidx.startup" />
76-->[androidx.emoji2:emoji2:1.3.0] AndroidManifest.xml:31:17-49
77            <meta-data
77-->[androidx.lifecycle:lifecycle-process:2.8.7] AndroidManifest.xml:29:13-31:52
78                android:name="androidx.lifecycle.ProcessLifecycleInitializer"
78-->[androidx.lifecycle:lifecycle-process:2.8.7] AndroidManifest.xml:30:17-78
79                android:value="androidx.startup" />
79-->[androidx.lifecycle:lifecycle-process:2.8.7] AndroidManifest.xml:31:17-49
80            <meta-data
80-->[androidx.profileinstaller:profileinstaller:1.4.0] AndroidManifest.xml:29:13-31:52
81                android:name="androidx.profileinstaller.ProfileInstallerInitializer"
81-->[androidx.profileinstaller:profileinstaller:1.4.0] AndroidManifest.xml:30:17-85
82                android:value="androidx.startup" />
82-->[androidx.profileinstaller:profileinstaller:1.4.0] AndroidManifest.xml:31:17-49
83        </provider>
84
85        <service
85-->[com.google.firebase:firebase-firestore-ktx:25.1.4] AndroidManifest.xml:9:9-15:19
86            android:name="com.google.firebase.components.ComponentDiscoveryService"
86-->[com.google.firebase:firebase-firestore-ktx:25.1.4] AndroidManifest.xml:10:13-84
87            android:directBootAware="true"
87-->[com.google.firebase:firebase-common:21.0.0] AndroidManifest.xml:32:13-43
88            android:exported="false" >
88-->[com.google.firebase:firebase-firestore-ktx:25.1.4] AndroidManifest.xml:11:13-37
89            <meta-data
89-->[com.google.firebase:firebase-firestore-ktx:25.1.4] AndroidManifest.xml:12:13-14:85
90                android:name="com.google.firebase.components:com.google.firebase.firestore.ktx.FirebaseFirestoreLegacyRegistrar"
90-->[com.google.firebase:firebase-firestore-ktx:25.1.4] AndroidManifest.xml:13:17-129
91                android:value="com.google.firebase.components.ComponentRegistrar" />
91-->[com.google.firebase:firebase-firestore-ktx:25.1.4] AndroidManifest.xml:14:17-82
92            <meta-data
92-->[com.google.firebase:firebase-firestore:25.1.4] AndroidManifest.xml:17:13-19:85
93                android:name="com.google.firebase.components:com.google.firebase.firestore.FirebaseFirestoreKtxRegistrar"
93-->[com.google.firebase:firebase-firestore:25.1.4] AndroidManifest.xml:18:17-122
94                android:value="com.google.firebase.components.ComponentRegistrar" />
94-->[com.google.firebase:firebase-firestore:25.1.4] AndroidManifest.xml:19:17-82
95            <meta-data
95-->[com.google.firebase:firebase-firestore:25.1.4] AndroidManifest.xml:20:13-22:85
96                android:name="com.google.firebase.components:com.google.firebase.firestore.FirestoreRegistrar"
96-->[com.google.firebase:firebase-firestore:25.1.4] AndroidManifest.xml:21:17-111
97                android:value="com.google.firebase.components.ComponentRegistrar" />
97-->[com.google.firebase:firebase-firestore:25.1.4] AndroidManifest.xml:22:17-82
98            <meta-data
98-->[com.google.firebase:firebase-auth-ktx:23.2.0] AndroidManifest.xml:11:13-13:85
99                android:name="com.google.firebase.components:com.google.firebase.auth.ktx.FirebaseAuthLegacyRegistrar"
99-->[com.google.firebase:firebase-auth-ktx:23.2.0] AndroidManifest.xml:12:17-119
100                android:value="com.google.firebase.components.ComponentRegistrar" />
100-->[com.google.firebase:firebase-auth-ktx:23.2.0] AndroidManifest.xml:13:17-82
101            <meta-data
101-->[com.google.firebase:firebase-auth:23.2.0] AndroidManifest.xml:69:13-71:85
102                android:name="com.google.firebase.components:com.google.firebase.auth.FirebaseAuthRegistrar"
102-->[com.google.firebase:firebase-auth:23.2.0] AndroidManifest.xml:70:17-109
103                android:value="com.google.firebase.components.ComponentRegistrar" />
103-->[com.google.firebase:firebase-auth:23.2.0] AndroidManifest.xml:71:17-82
104            <meta-data
104-->[com.google.firebase:firebase-common-ktx:21.0.0] AndroidManifest.xml:12:13-14:85
105                android:name="com.google.firebase.components:com.google.firebase.ktx.FirebaseCommonLegacyRegistrar"
105-->[com.google.firebase:firebase-common-ktx:21.0.0] AndroidManifest.xml:13:17-116
106                android:value="com.google.firebase.components.ComponentRegistrar" />
106-->[com.google.firebase:firebase-common-ktx:21.0.0] AndroidManifest.xml:14:17-82
107            <meta-data
107-->[com.google.firebase:firebase-common:21.0.0] AndroidManifest.xml:35:13-37:85
108                android:name="com.google.firebase.components:com.google.firebase.FirebaseCommonKtxRegistrar"
108-->[com.google.firebase:firebase-common:21.0.0] AndroidManifest.xml:36:17-109
109                android:value="com.google.firebase.components.ComponentRegistrar" />
109-->[com.google.firebase:firebase-common:21.0.0] AndroidManifest.xml:37:17-82
110        </service>
111
112        <activity
112-->[com.google.firebase:firebase-auth:23.2.0] AndroidManifest.xml:29:9-46:20
113            android:name="com.google.firebase.auth.internal.GenericIdpActivity"
113-->[com.google.firebase:firebase-auth:23.2.0] AndroidManifest.xml:30:13-80
114            android:excludeFromRecents="true"
114-->[com.google.firebase:firebase-auth:23.2.0] AndroidManifest.xml:31:13-46
115            android:exported="true"
115-->[com.google.firebase:firebase-auth:23.2.0] AndroidManifest.xml:32:13-36
116            android:launchMode="singleTask"
116-->[com.google.firebase:firebase-auth:23.2.0] AndroidManifest.xml:33:13-44
117            android:theme="@android:style/Theme.Translucent.NoTitleBar" >
117-->[com.google.firebase:firebase-auth:23.2.0] AndroidManifest.xml:34:13-72
118            <intent-filter>
118-->[com.google.firebase:firebase-auth:23.2.0] AndroidManifest.xml:35:13-45:29
119                <action android:name="android.intent.action.VIEW" />
119-->[com.google.firebase:firebase-auth:23.2.0] AndroidManifest.xml:36:17-69
119-->[com.google.firebase:firebase-auth:23.2.0] AndroidManifest.xml:36:25-66
120
121                <category android:name="android.intent.category.DEFAULT" />
121-->[com.google.firebase:firebase-auth:23.2.0] AndroidManifest.xml:38:17-76
121-->[com.google.firebase:firebase-auth:23.2.0] AndroidManifest.xml:38:27-73
122                <category android:name="android.intent.category.BROWSABLE" />
122-->[com.google.firebase:firebase-auth:23.2.0] AndroidManifest.xml:39:17-78
122-->[com.google.firebase:firebase-auth:23.2.0] AndroidManifest.xml:39:27-75
123
124                <data
124-->[com.google.firebase:firebase-auth:23.2.0] AndroidManifest.xml:41:17-44:51
125                    android:host="firebase.auth"
125-->[com.google.firebase:firebase-auth:23.2.0] AndroidManifest.xml:42:21-49
126                    android:path="/"
126-->[com.google.firebase:firebase-auth:23.2.0] AndroidManifest.xml:43:21-37
127                    android:scheme="genericidp" />
127-->[com.google.firebase:firebase-auth:23.2.0] AndroidManifest.xml:44:21-48
128            </intent-filter>
129        </activity>
130        <activity
130-->[com.google.firebase:firebase-auth:23.2.0] AndroidManifest.xml:47:9-64:20
131            android:name="com.google.firebase.auth.internal.RecaptchaActivity"
131-->[com.google.firebase:firebase-auth:23.2.0] AndroidManifest.xml:48:13-79
132            android:excludeFromRecents="true"
132-->[com.google.firebase:firebase-auth:23.2.0] AndroidManifest.xml:49:13-46
133            android:exported="true"
133-->[com.google.firebase:firebase-auth:23.2.0] AndroidManifest.xml:50:13-36
134            android:launchMode="singleTask"
134-->[com.google.firebase:firebase-auth:23.2.0] AndroidManifest.xml:51:13-44
135            android:theme="@android:style/Theme.Translucent.NoTitleBar" >
135-->[com.google.firebase:firebase-auth:23.2.0] AndroidManifest.xml:52:13-72
136            <intent-filter>
136-->[com.google.firebase:firebase-auth:23.2.0] AndroidManifest.xml:53:13-63:29
137                <action android:name="android.intent.action.VIEW" />
137-->[com.google.firebase:firebase-auth:23.2.0] AndroidManifest.xml:36:17-69
137-->[com.google.firebase:firebase-auth:23.2.0] AndroidManifest.xml:36:25-66
138
139                <category android:name="android.intent.category.DEFAULT" />
139-->[com.google.firebase:firebase-auth:23.2.0] AndroidManifest.xml:38:17-76
139-->[com.google.firebase:firebase-auth:23.2.0] AndroidManifest.xml:38:27-73
140                <category android:name="android.intent.category.BROWSABLE" />
140-->[com.google.firebase:firebase-auth:23.2.0] AndroidManifest.xml:39:17-78
140-->[com.google.firebase:firebase-auth:23.2.0] AndroidManifest.xml:39:27-75
141
142                <data
142-->[com.google.firebase:firebase-auth:23.2.0] AndroidManifest.xml:41:17-44:51
143                    android:host="firebase.auth"
143-->[com.google.firebase:firebase-auth:23.2.0] AndroidManifest.xml:42:21-49
144                    android:path="/"
144-->[com.google.firebase:firebase-auth:23.2.0] AndroidManifest.xml:43:21-37
145                    android:scheme="recaptcha" />
145-->[com.google.firebase:firebase-auth:23.2.0] AndroidManifest.xml:44:21-48
146            </intent-filter>
147        </activity>
148
149        <service
149-->[androidx.credentials:credentials-play-services-auth:1.2.0-rc01] AndroidManifest.xml:24:9-32:19
150            android:name="androidx.credentials.playservices.CredentialProviderMetadataHolder"
150-->[androidx.credentials:credentials-play-services-auth:1.2.0-rc01] AndroidManifest.xml:25:13-94
151            android:enabled="true"
151-->[androidx.credentials:credentials-play-services-auth:1.2.0-rc01] AndroidManifest.xml:26:13-35
152            android:exported="false" >
152-->[androidx.credentials:credentials-play-services-auth:1.2.0-rc01] AndroidManifest.xml:27:13-37
153            <meta-data
153-->[androidx.credentials:credentials-play-services-auth:1.2.0-rc01] AndroidManifest.xml:29:13-31:104
154                android:name="androidx.credentials.CREDENTIAL_PROVIDER_KEY"
154-->[androidx.credentials:credentials-play-services-auth:1.2.0-rc01] AndroidManifest.xml:30:17-76
155                android:value="androidx.credentials.playservices.CredentialProviderPlayServicesImpl" />
155-->[androidx.credentials:credentials-play-services-auth:1.2.0-rc01] AndroidManifest.xml:31:17-101
156        </service>
157
158        <activity
158-->[androidx.credentials:credentials-play-services-auth:1.2.0-rc01] AndroidManifest.xml:34:9-41:20
159            android:name="androidx.credentials.playservices.HiddenActivity"
159-->[androidx.credentials:credentials-play-services-auth:1.2.0-rc01] AndroidManifest.xml:35:13-76
160            android:configChanges="orientation|screenSize|screenLayout|keyboardHidden"
160-->[androidx.credentials:credentials-play-services-auth:1.2.0-rc01] AndroidManifest.xml:36:13-87
161            android:enabled="true"
161-->[androidx.credentials:credentials-play-services-auth:1.2.0-rc01] AndroidManifest.xml:37:13-35
162            android:exported="false"
162-->[androidx.credentials:credentials-play-services-auth:1.2.0-rc01] AndroidManifest.xml:38:13-37
163            android:fitsSystemWindows="true"
163-->[androidx.credentials:credentials-play-services-auth:1.2.0-rc01] AndroidManifest.xml:39:13-45
164            android:theme="@style/Theme.Hidden" >
164-->[androidx.credentials:credentials-play-services-auth:1.2.0-rc01] AndroidManifest.xml:40:13-48
165        </activity>
166        <activity
166-->[com.google.android.gms:play-services-auth:20.7.0] AndroidManifest.xml:23:9-27:75
167            android:name="com.google.android.gms.auth.api.signin.internal.SignInHubActivity"
167-->[com.google.android.gms:play-services-auth:20.7.0] AndroidManifest.xml:24:13-93
168            android:excludeFromRecents="true"
168-->[com.google.android.gms:play-services-auth:20.7.0] AndroidManifest.xml:25:13-46
169            android:exported="false"
169-->[com.google.android.gms:play-services-auth:20.7.0] AndroidManifest.xml:26:13-37
170            android:theme="@android:style/Theme.Translucent.NoTitleBar" />
170-->[com.google.android.gms:play-services-auth:20.7.0] AndroidManifest.xml:27:13-72
171        <!--
172            Service handling Google Sign-In user revocation. For apps that do not integrate with
173            Google Sign-In, this service will never be started.
174        -->
175        <service
175-->[com.google.android.gms:play-services-auth:20.7.0] AndroidManifest.xml:33:9-37:51
176            android:name="com.google.android.gms.auth.api.signin.RevocationBoundService"
176-->[com.google.android.gms:play-services-auth:20.7.0] AndroidManifest.xml:34:13-89
177            android:exported="true"
177-->[com.google.android.gms:play-services-auth:20.7.0] AndroidManifest.xml:35:13-36
178            android:permission="com.google.android.gms.auth.api.signin.permission.REVOCATION_NOTIFICATION"
178-->[com.google.android.gms:play-services-auth:20.7.0] AndroidManifest.xml:36:13-107
179            android:visibleToInstantApps="true" />
179-->[com.google.android.gms:play-services-auth:20.7.0] AndroidManifest.xml:37:13-48
180
181        <activity
181-->[com.google.android.gms:play-services-base:18.5.0] AndroidManifest.xml:5:9-173
182            android:name="com.google.android.gms.common.api.GoogleApiActivity"
182-->[com.google.android.gms:play-services-base:18.5.0] AndroidManifest.xml:5:19-85
183            android:exported="false"
183-->[com.google.android.gms:play-services-base:18.5.0] AndroidManifest.xml:5:146-170
184            android:theme="@android:style/Theme.Translucent.NoTitleBar" />
184-->[com.google.android.gms:play-services-base:18.5.0] AndroidManifest.xml:5:86-145
185
186        <provider
186-->[com.google.firebase:firebase-common:21.0.0] AndroidManifest.xml:23:9-28:39
187            android:name="com.google.firebase.provider.FirebaseInitProvider"
187-->[com.google.firebase:firebase-common:21.0.0] AndroidManifest.xml:24:13-77
188            android:authorities="com.namma.raste.firebaseinitprovider"
188-->[com.google.firebase:firebase-common:21.0.0] AndroidManifest.xml:25:13-72
189            android:directBootAware="true"
189-->[com.google.firebase:firebase-common:21.0.0] AndroidManifest.xml:26:13-43
190            android:exported="false"
190-->[com.google.firebase:firebase-common:21.0.0] AndroidManifest.xml:27:13-37
191            android:initOrder="100" />
191-->[com.google.firebase:firebase-common:21.0.0] AndroidManifest.xml:28:13-36
192
193        <service
193-->[androidx.room:room-runtime-android:2.7.1] AndroidManifest.xml:24:9-28:63
194            android:name="androidx.room.MultiInstanceInvalidationService"
194-->[androidx.room:room-runtime-android:2.7.1] AndroidManifest.xml:25:13-74
195            android:directBootAware="true"
195-->[androidx.room:room-runtime-android:2.7.1] AndroidManifest.xml:26:13-43
196            android:exported="false" />
196-->[androidx.room:room-runtime-android:2.7.1] AndroidManifest.xml:27:13-37
197
198        <uses-library
198-->[androidx.window:window:1.0.0] AndroidManifest.xml:25:9-27:40
199            android:name="androidx.window.extensions"
199-->[androidx.window:window:1.0.0] AndroidManifest.xml:26:13-54
200            android:required="false" />
200-->[androidx.window:window:1.0.0] AndroidManifest.xml:27:13-37
201        <uses-library
201-->[androidx.window:window:1.0.0] AndroidManifest.xml:28:9-30:40
202            android:name="androidx.window.sidecar"
202-->[androidx.window:window:1.0.0] AndroidManifest.xml:29:13-51
203            android:required="false" />
203-->[androidx.window:window:1.0.0] AndroidManifest.xml:30:13-37
204
205        <meta-data
205-->[com.google.android.gms:play-services-basement:18.4.0] AndroidManifest.xml:6:9-122
206            android:name="com.google.android.gms.version"
206-->[com.google.android.gms:play-services-basement:18.4.0] AndroidManifest.xml:6:20-65
207            android:value="@integer/google_play_services_version" />
207-->[com.google.android.gms:play-services-basement:18.4.0] AndroidManifest.xml:6:66-119
208
209        <receiver
209-->[androidx.profileinstaller:profileinstaller:1.4.0] AndroidManifest.xml:34:9-52:20
210            android:name="androidx.profileinstaller.ProfileInstallReceiver"
210-->[androidx.profileinstaller:profileinstaller:1.4.0] AndroidManifest.xml:35:13-76
211            android:directBootAware="false"
211-->[androidx.profileinstaller:profileinstaller:1.4.0] AndroidManifest.xml:36:13-44
212            android:enabled="true"
212-->[androidx.profileinstaller:profileinstaller:1.4.0] AndroidManifest.xml:37:13-35
213            android:exported="true"
213-->[androidx.profileinstaller:profileinstaller:1.4.0] AndroidManifest.xml:38:13-36
214            android:permission="android.permission.DUMP" >
214-->[androidx.profileinstaller:profileinstaller:1.4.0] AndroidManifest.xml:39:13-57
215            <intent-filter>
215-->[androidx.profileinstaller:profileinstaller:1.4.0] AndroidManifest.xml:40:13-42:29
216                <action android:name="androidx.profileinstaller.action.INSTALL_PROFILE" />
216-->[androidx.profileinstaller:profileinstaller:1.4.0] AndroidManifest.xml:41:17-91
216-->[androidx.profileinstaller:profileinstaller:1.4.0] AndroidManifest.xml:41:25-88
217            </intent-filter>
218            <intent-filter>
218-->[androidx.profileinstaller:profileinstaller:1.4.0] AndroidManifest.xml:43:13-45:29
219                <action android:name="androidx.profileinstaller.action.SKIP_FILE" />
219-->[androidx.profileinstaller:profileinstaller:1.4.0] AndroidManifest.xml:44:17-85
219-->[androidx.profileinstaller:profileinstaller:1.4.0] AndroidManifest.xml:44:25-82
220            </intent-filter>
221            <intent-filter>
221-->[androidx.profileinstaller:profileinstaller:1.4.0] AndroidManifest.xml:46:13-48:29
222                <action android:name="androidx.profileinstaller.action.SAVE_PROFILE" />
222-->[androidx.profileinstaller:profileinstaller:1.4.0] AndroidManifest.xml:47:17-88
222-->[androidx.profileinstaller:profileinstaller:1.4.0] AndroidManifest.xml:47:25-85
223            </intent-filter>
224            <intent-filter>
224-->[androidx.profileinstaller:profileinstaller:1.4.0] AndroidManifest.xml:49:13-51:29
225                <action android:name="androidx.profileinstaller.action.BENCHMARK_OPERATION" />
225-->[androidx.profileinstaller:profileinstaller:1.4.0] AndroidManifest.xml:50:17-95
225-->[androidx.profileinstaller:profileinstaller:1.4.0] AndroidManifest.xml:50:25-92
226            </intent-filter>
227        </receiver> <!-- The activities will be merged into the manifest of the hosting app. -->
228        <activity
228-->[com.google.android.play:core-common:2.0.3] AndroidManifest.xml:14:9-18:65
229            android:name="com.google.android.play.core.common.PlayCoreDialogWrapperActivity"
229-->[com.google.android.play:core-common:2.0.3] AndroidManifest.xml:15:13-93
230            android:exported="false"
230-->[com.google.android.play:core-common:2.0.3] AndroidManifest.xml:16:13-37
231            android:stateNotNeeded="true"
231-->[com.google.android.play:core-common:2.0.3] AndroidManifest.xml:17:13-42
232            android:theme="@style/Theme.PlayCore.Transparent" />
232-->[com.google.android.play:core-common:2.0.3] AndroidManifest.xml:18:13-62
233    </application>
234
235</manifest>